SF:lib\data\models\cat_breed_model.dart
DA:20,3
DA:22,4
DA:24,0
DA:106,3
DA:147,4
DA:149,0
DA:159,4
DA:161,4
DA:163,0
LF:9
LH:6
end_of_record
SF:lib\data\models\cat_breed_model.g.dart
DA:9,2
DA:10,2
DA:11,2
DA:12,2
DA:13,2
DA:14,6
DA:15,2
DA:16,4
DA:17,4
DA:20,0
DA:21,0
DA:22,0
DA:23,0
DA:24,0
DA:25,0
DA:26,0
DA:29,4
DA:30,2
DA:32,4
DA:33,2
DA:34,2
DA:35,2
DA:36,2
DA:37,2
DA:38,2
DA:39,2
DA:40,2
DA:41,2
DA:42,2
DA:43,2
DA:44,4
DA:45,4
DA:46,4
DA:47,4
DA:48,4
DA:49,4
DA:50,4
DA:51,4
DA:52,4
DA:53,4
DA:54,4
DA:55,4
DA:56,4
DA:57,4
DA:58,4
DA:59,4
DA:60,4
DA:61,4
DA:62,4
DA:63,4
DA:64,4
DA:65,4
DA:66,4
DA:67,2
DA:68,4
DA:69,2
DA:72,0
DA:73,0
DA:74,0
DA:75,0
DA:76,0
DA:77,0
DA:78,0
DA:79,0
DA:80,0
DA:81,0
DA:82,0
DA:83,0
DA:84,0
DA:85,0
DA:86,0
DA:87,0
DA:88,0
DA:89,0
DA:90,0
DA:91,0
DA:92,0
DA:93,0
DA:94,0
DA:95,0
DA:96,0
DA:97,0
DA:98,0
DA:99,0
DA:100,0
DA:101,0
DA:102,0
DA:103,0
DA:104,0
DA:105,0
DA:106,0
DA:107,0
DA:108,0
DA:109,0
DA:110,0
DA:113,4
DA:114,2
DA:115,2
DA:118,0
DA:119,0
DA:120,0
LF:101
LH:52
end_of_record
SF:lib\data\sources\remote_data_source.dart
DA:8,2
DA:9,8
DA:12,2
DA:18,2
DA:28,2
DA:29,2
DA:32,4
DA:35,4
DA:36,2
DA:37,8
DA:39,3
DA:42,2
DA:46,2
DA:48,4
DA:49,4
DA:50,4
DA:52,3
DA:55,2
DA:59,1
DA:61,3
DA:62,2
DA:63,1
DA:64,4
DA:66,0
DA:69,0
DA:73,2
DA:75,6
DA:76,4
DA:77,2
DA:78,8
DA:80,3
DA:83,2
LF:32
LH:30
end_of_record
SF:lib\domain\entities\cat_breed.dart
DA:30,2
DA:58,0
DA:59,0
DA:62,1
DA:63,1
DA:64,1
DA:65,1
DA:67,1
DA:68,1
DA:69,1
DA:71,1
DA:72,1
DA:73,1
DA:74,1
DA:75,1
DA:76,1
DA:77,1
DA:78,1
DA:79,1
DA:80,1
DA:81,1
DA:82,1
DA:83,1
DA:84,1
DA:85,1
DA:86,1
DA:87,1
DA:88,1
LF:28
LH:26
end_of_record
SF:lib\domain\usecases\get_breed_search.dart
DA:10,2
DA:12,2
DA:13,4
LF:3
LH:3
end_of_record
SF:lib\core\error\failures.dart
DA:4,1
DA:8,1
DA:12,0
DA:16,0
DA:20,0
DA:24,0
DA:28,0
LF:7
LH:2
end_of_record
SF:lib\domain\usecases\get_cat_images.dart
DA:11,2
DA:13,2
DA:18,4
LF:3
LH:3
end_of_record
SF:lib\domain\usecases\get_random_fact.dart
DA:10,2
DA:12,6
LF:2
LH:2
end_of_record
SF:lib\domain\repositories\cat_repository_impl.dart
DA:13,1
DA:15,1
DA:22,2
DA:23,1
DA:25,0
DA:29,1
DA:32,2
DA:33,1
DA:35,0
DA:39,1
DA:42,2
DA:44,4
DA:45,1
DA:47,0
LF:14
LH:11
end_of_record
